<?xml version="1.0" encoding="UTF-8"?>
<!-- Generated by org.testng.reporters.JUnitReportReporter -->
<testsuite skipped="0" hostname="Pintu-PC" name="ApiTestCases.TC11_GetListResource" tests="8" failures="0" timestamp="2022-10-22T11:48:40 IST" time="1.718" errors="0">
  <testcase name="CheckResponseTime" time="0.007" classname="ApiTestCases.TC11_GetListResource"/>
  <system-out/>
  <testcase name="CheckContentType" time="0.003" classname="ApiTestCases.TC11_GetListResource"/>
  <system-out/>
  <testcase name="CheckServerDetails" time="0.005" classname="ApiTestCases.TC11_GetListResource"/>
  <system-out/>
  <testcase name="CheckTransferEncoding" time="0.004" classname="ApiTestCases.TC11_GetListResource"/>
  <system-out/>
  <testcase name="CheckResponseBody" time="0.053" classname="ApiTestCases.TC11_GetListResource"/>
  <system-out/>
  <testcase name="verifyJsonBodyData" time="1.627" classname="ApiTestCases.TC11_GetListResource"/>
  <system-out/>
  <testcase name="ChecStatusLine" time="0.013" classname="ApiTestCases.TC11_GetListResource"/>
  <system-out/>
  <testcase name="CheckStatusCode" time="0.006" classname="ApiTestCases.TC11_GetListResource"/>
  <system-out/>
</testsuite> <!-- ApiTestCases.TC11_GetListResource -->
