<?xml version="1.0" encoding="UTF-8"?>
<!-- Generated by org.testng.reporters.JUnitReportReporter -->
<testsuite skipped="0" hostname="Pintu-PC" name="ApiTestCases.TC3_SingleUserNotFound" tests="2" failures="0" timestamp="2022-10-19T15:58:26 IST" time="0.067" errors="0">
  <testcase name="CheckStatusCode" time="0.008" classname="ApiTestCases.TC3_SingleUserNotFound"/>
  <system-out/>
  <testcase name="CheckResponseBody" time="0.059" classname="ApiTestCases.TC3_SingleUserNotFound"/>
  <system-out/>
</testsuite> <!-- ApiTestCases.TC3_SingleUserNotFound -->
