<?xml version="1.0" encoding="UTF-8"?>
<!-- Generated by org.testng.reporters.JUnitReportReporter -->
<testsuite skipped="0" hostname="Pintu-PC" name="ApiTestCases.TC4_CreateNewUser" tests="7" failures="0" timestamp="2022-10-20T00:13:25 IST" time="1.657" errors="0">
  <testcase name="verifyJsonBodyData" time="1.567" classname="ApiTestCases.TC4_CreateNewUser"/>
  <system-out/>
  <testcase name="CheckContentType" time="0.005" classname="ApiTestCases.TC4_CreateNewUser"/>
  <system-out/>
  <testcase name="CheckServerDetails" time="0.003" classname="ApiTestCases.TC4_CreateNewUser"/>
  <system-out/>
  <testcase name="ChecStatusLine" time="0.016" classname="ApiTestCases.TC4_CreateNewUser"/>
  <system-out/>
  <testcase name="CheckStatusCode" time="0.005" classname="ApiTestCases.TC4_CreateNewUser"/>
  <system-out/>
  <testcase name="CheckResponseBody" time="0.054" classname="ApiTestCases.TC4_CreateNewUser"/>
  <system-out/>
  <testcase name="CheckResponseTime" time="0.007" classname="ApiTestCases.TC4_CreateNewUser"/>
  <system-out/>
</testsuite> <!-- ApiTestCases.TC4_CreateNewUser -->
