<?xml version="1.0" encoding="UTF-8"?>
<!-- Generated by org.testng.reporters.JUnitReportReporter -->
<testsuite skipped="0" hostname="Pintu-PC" name="ApiTestCases.TC2_GetSingleUser" tests="8" failures="0" timestamp="2022-10-19T15:43:08 IST" time="1.547" errors="0">
  <testcase name="CheckResponseTime" time="0.007" classname="ApiTestCases.TC2_GetSingleUser"/>
  <system-out/>
  <testcase name="CheckContentType" time="0.006" classname="ApiTestCases.TC2_GetSingleUser"/>
  <system-out/>
  <testcase name="CheckServerDetails" time="0.004" classname="ApiTestCases.TC2_GetSingleUser"/>
  <system-out/>
  <testcase name="CheckTransferEncoding" time="0.004" classname="ApiTestCases.TC2_GetSingleUser"/>
  <system-out/>
  <testcase name="CheckResponseBody" time="0.040" classname="ApiTestCases.TC2_GetSingleUser"/>
  <system-out/>
  <testcase name="ChecStatusLine" time="0.014" classname="ApiTestCases.TC2_GetSingleUser"/>
  <system-out/>
  <testcase name="verifyJsonBodyData" time="1.466" classname="ApiTestCases.TC2_GetSingleUser"/>
  <system-out/>
  <testcase name="CheckStatusCode" time="0.006" classname="ApiTestCases.TC2_GetSingleUser"/>
  <system-out/>
</testsuite> <!-- ApiTestCases.TC2_GetSingleUser -->
