<?xml version="1.0" encoding="UTF-8"?>
<!-- Generated by org.testng.reporters.JUnitReportReporter -->
<testsuite skipped="0" hostname="Pintu-PC" name="ApiTestCases.TC12_GetSingleResource" tests="8" failures="0" timestamp="2022-10-22T12:13:51 IST" time="1.670" errors="0">
  <testcase name="CheckResponseTime" time="0.007" classname="ApiTestCases.TC12_GetSingleResource"/>
  <system-out/>
  <testcase name="CheckContentType" time="0.006" classname="ApiTestCases.TC12_GetSingleResource"/>
  <system-out/>
  <testcase name="CheckServerDetails" time="0.005" classname="ApiTestCases.TC12_GetSingleResource"/>
  <system-out/>
  <testcase name="CheckTransferEncoding" time="0.004" classname="ApiTestCases.TC12_GetSingleResource"/>
  <system-out/>
  <testcase name="verifyJsonBodyData" time="1.578" classname="ApiTestCases.TC12_GetSingleResource"/>
  <system-out/>
  <testcase name="CheckResponseBody" time="0.047" classname="ApiTestCases.TC12_GetSingleResource"/>
  <system-out/>
  <testcase name="ChecStatusLine" time="0.016" classname="ApiTestCases.TC12_GetSingleResource"/>
  <system-out/>
  <testcase name="CheckStatusCode" time="0.007" classname="ApiTestCases.TC12_GetSingleResource"/>
  <system-out/>
</testsuite> <!-- ApiTestCases.TC12_GetSingleResource -->
