<?xml version="1.0" encoding="UTF-8"?>
<!-- Generated by org.testng.reporters.JUnitReportReporter -->
<testsuite skipped="0" hostname="Pintu-PC" name="ApiTestCases.TC5_PostRegisterSuccessfully" tests="7" failures="0" timestamp="2022-10-20T19:03:47 IST" time="1.584" errors="0">
  <testcase name="ChecStatusLine" time="0.020" classname="ApiTestCases.TC5_PostRegisterSuccessfully"/>
  <system-out/>
  <testcase name="CheckContentType" time="0.018" classname="ApiTestCases.TC5_PostRegisterSuccessfully"/>
  <system-out/>
  <testcase name="CheckResponseBody" time="0.049" classname="ApiTestCases.TC5_PostRegisterSuccessfully"/>
  <system-out/>
  <testcase name="CheckServerDetails" time="0.004" classname="ApiTestCases.TC5_PostRegisterSuccessfully"/>
  <system-out/>
  <testcase name="CheckResponseTime" time="0.007" classname="ApiTestCases.TC5_PostRegisterSuccessfully"/>
  <system-out/>
  <testcase name="verifyJsonBodyData" time="1.470" classname="ApiTestCases.TC5_PostRegisterSuccessfully"/>
  <system-out/>
  <testcase name="CheckStatusCode" time="0.016" classname="ApiTestCases.TC5_PostRegisterSuccessfully"/>
  <system-out/>
</testsuite> <!-- ApiTestCases.TC5_PostRegisterSuccessfully -->
