<?xml version="1.0" encoding="UTF-8"?>
<!-- Generated by org.testng.reporters.JUnitReportReporter -->
<testsuite skipped="0" hostname="Pintu-PC" name="ApiTestCases.TC8_PatchRequest" tests="7" failures="0" timestamp="2022-10-21T11:36:30 IST" time="2.021" errors="0">
  <testcase name="CheckResponseBody" time="0.037" classname="ApiTestCases.TC8_PatchRequest"/>
  <system-out/>
  <testcase name="CheckServerDetails" time="0.004" classname="ApiTestCases.TC8_PatchRequest"/>
  <system-out/>
  <testcase name="CheckResponseTime" time="0.006" classname="ApiTestCases.TC8_PatchRequest"/>
  <system-out/>
  <testcase name="CheckStatusCode" time="0.005" classname="ApiTestCases.TC8_PatchRequest"/>
  <system-out/>
  <testcase name="ChecStatusLine" time="0.022" classname="ApiTestCases.TC8_PatchRequest"/>
  <system-out/>
  <testcase name="CheckContentType" time="0.005" classname="ApiTestCases.TC8_PatchRequest"/>
  <system-out/>
  <testcase name="verifyJsonBodyData" time="1.942" classname="ApiTestCases.TC8_PatchRequest"/>
  <system-out/>
</testsuite> <!-- ApiTestCases.TC8_PatchRequest -->
