<?xml version="1.0" encoding="UTF-8"?>
<!-- Generated by org.testng.reporters.JUnitReportReporter -->
<testsuite skipped="0" hostname="Pintu-PC" name="TC1_GetUsers" tests="7" failures="0" timestamp="2022-10-18T15:53:15 IST" time="1.525" errors="0">
  <testcase name="CheckContentType" time="0.004" classname="TC1_GetUsers"/>
  <system-out/>
  <testcase name="ChecStatusLine" time="0.011" classname="TC1_GetUsers"/>
  <system-out/>
  <testcase name="CheckResponseBody" time="0.044" classname="TC1_GetUsers"/>
  <system-out/>
  <testcase name="CheckTransferEncoding" time="0.005" classname="TC1_GetUsers"/>
  <system-out/>
  <testcase name="verifyJsonBodyData" time="1.452" classname="TC1_GetUsers"/>
  <system-out/>
  <testcase name="CheckStatusCode" time="0.003" classname="TC1_GetUsers"/>
  <system-out/>
  <testcase name="CheckResponseTime" time="0.006" classname="TC1_GetUsers"/>
  <system-out/>
</testsuite> <!-- TC1_GetUsers -->
