<?xml version="1.0" encoding="UTF-8"?>
<!-- Generated by org.testng.reporters.JUnitReportReporter -->
<testsuite skipped="0" hostname="Pintu-PC" name="ApiTestCases.TC9_Post_LoginSuccessfully" tests="7" failures="0" timestamp="2022-10-21T11:51:07 IST" time="1.430" errors="0">
  <testcase name="ChecStatusLine" time="0.011" classname="ApiTestCases.TC9_Post_LoginSuccessfully"/>
  <system-out/>
  <testcase name="verifyJsonBodyData" time="1.361" classname="ApiTestCases.TC9_Post_LoginSuccessfully"/>
  <system-out/>
  <testcase name="CheckContentType" time="0.003" classname="ApiTestCases.TC9_Post_LoginSuccessfully"/>
  <system-out/>
  <testcase name="CheckResponseBody" time="0.040" classname="ApiTestCases.TC9_Post_LoginSuccessfully"/>
  <system-out/>
  <testcase name="CheckServerDetails" time="0.004" classname="ApiTestCases.TC9_Post_LoginSuccessfully"/>
  <system-out/>
  <testcase name="CheckResponseTime" time="0.007" classname="ApiTestCases.TC9_Post_LoginSuccessfully"/>
  <system-out/>
  <testcase name="CheckStatusCode" time="0.004" classname="ApiTestCases.TC9_Post_LoginSuccessfully"/>
  <system-out/>
</testsuite> <!-- ApiTestCases.TC9_Post_LoginSuccessfully -->
