<?xml version="1.0" encoding="UTF-8"?>
<!-- Generated by org.testng.reporters.JUnitReportReporter -->
<testsuite skipped="0" hostname="Pintu-PC" name="ApiTestCases.TC7_PutRequestForUpdate" tests="6" failures="0" timestamp="2022-10-21T11:19:57 IST" time="0.076" errors="0">
  <testcase name="CheckResponseBody" time="0.033" classname="ApiTestCases.TC7_PutRequestForUpdate"/>
  <system-out/>
  <testcase name="CheckStatusCode" time="0.004" classname="ApiTestCases.TC7_PutRequestForUpdate"/>
  <system-out/>
  <testcase name="CheckResponseTime" time="0.012" classname="ApiTestCases.TC7_PutRequestForUpdate"/>
  <system-out/>
  <testcase name="CheckContentType" time="0.005" classname="ApiTestCases.TC7_PutRequestForUpdate"/>
  <system-out/>
  <testcase name="ChecStatusLine" time="0.017" classname="ApiTestCases.TC7_PutRequestForUpdate"/>
  <system-out/>
  <testcase name="CheckServerDetails" time="0.005" classname="ApiTestCases.TC7_PutRequestForUpdate"/>
  <system-out/>
</testsuite> <!-- ApiTestCases.TC7_PutRequestForUpdate -->
