<?xml version="1.0" encoding="UTF-8"?>
<!-- Generated by org.testng.reporters.JUnitReportReporter -->
<testsuite skipped="0" hostname="Pintu-PC" name="ApiTestCases.TC4_CreateNewUser" tests="6" failures="0" timestamp="2022-10-19T16:45:25 IST" time="0.087" errors="0">
  <testcase name="CheckContentType" time="0.005" classname="ApiTestCases.TC4_CreateNewUser"/>
  <system-out/>
  <testcase name="CheckServerDetails" time="0.005" classname="ApiTestCases.TC4_CreateNewUser"/>
  <system-out/>
  <testcase name="ChecStatusLine" time="0.017" classname="ApiTestCases.TC4_CreateNewUser"/>
  <system-out/>
  <testcase name="CheckStatusCode" time="0.004" classname="ApiTestCases.TC4_CreateNewUser"/>
  <system-out/>
  <testcase name="CheckResponseBody" time="0.048" classname="ApiTestCases.TC4_CreateNewUser"/>
  <system-out/>
  <testcase name="CheckResponseTime" time="0.008" classname="ApiTestCases.TC4_CreateNewUser"/>
  <system-out/>
</testsuite> <!-- ApiTestCases.TC4_CreateNewUser -->
