<?xml version="1.0" encoding="UTF-8"?>
<!-- Generated by org.testng.reporters.JUnitReportReporter -->
<testsuite skipped="0" hostname="Pintu-PC" name="ApiTestCases.TC6_PostRegisterUnsuccessfull" tests="7" failures="0" timestamp="2022-10-20T19:18:05 IST" time="1.502" errors="0">
  <testcase name="ChecStatusLine" time="0.017" classname="ApiTestCases.TC6_PostRegisterUnsuccessfull"/>
  <system-out/>
  <testcase name="verifyJsonBodyData" time="1.410" classname="ApiTestCases.TC6_PostRegisterUnsuccessfull"/>
  <system-out/>
  <testcase name="CheckContentType" time="0.004" classname="ApiTestCases.TC6_PostRegisterUnsuccessfull"/>
  <system-out/>
  <testcase name="CheckResponseBody" time="0.058" classname="ApiTestCases.TC6_PostRegisterUnsuccessfull"/>
  <system-out/>
  <testcase name="CheckServerDetails" time="0.003" classname="ApiTestCases.TC6_PostRegisterUnsuccessfull"/>
  <system-out/>
  <testcase name="CheckResponseTime" time="0.006" classname="ApiTestCases.TC6_PostRegisterUnsuccessfull"/>
  <system-out/>
  <testcase name="CheckStatusCode" time="0.004" classname="ApiTestCases.TC6_PostRegisterUnsuccessfull"/>
  <system-out/>
</testsuite> <!-- ApiTestCases.TC6_PostRegisterUnsuccessfull -->
