<?xml version="1.0" encoding="UTF-8"?>
<!-- Generated by org.testng.reporters.JUnitReportReporter -->
<testsuite skipped="0" hostname="Pintu-PC" name="ApiTestCases.TC10_POSTRequest_LoginUnsuccess" tests="7" failures="0" timestamp="2022-10-21T12:05:58 IST" time="1.344" errors="0">
  <testcase name="ChecStatusLine" time="0.021" classname="ApiTestCases.TC10_POSTRequest_LoginUnsuccess"/>
  <system-out/>
  <testcase name="verifyJsonBodyData" time="1.254" classname="ApiTestCases.TC10_POSTRequest_LoginUnsuccess"/>
  <system-out/>
  <testcase name="CheckContentType" time="0.003" classname="ApiTestCases.TC10_POSTRequest_LoginUnsuccess"/>
  <system-out/>
  <testcase name="CheckResponseBody" time="0.048" classname="ApiTestCases.TC10_POSTRequest_LoginUnsuccess"/>
  <system-out/>
  <testcase name="CheckServerDetails" time="0.005" classname="ApiTestCases.TC10_POSTRequest_LoginUnsuccess"/>
  <system-out/>
  <testcase name="CheckResponseTime" time="0.008" classname="ApiTestCases.TC10_POSTRequest_LoginUnsuccess"/>
  <system-out/>
  <testcase name="CheckStatusCode" time="0.005" classname="ApiTestCases.TC10_POSTRequest_LoginUnsuccess"/>
  <system-out/>
</testsuite> <!-- ApiTestCases.TC10_POSTRequest_LoginUnsuccess -->
