<?xml version="1.0" encoding="UTF-8"?>
<!-- Generated by org.testng.reporters.JUnitReportReporter -->
<testsuite skipped="0" hostname="Pintu-PC" name="ApiTestCases.TC4_CreateNewUser" tests="6" failures="0" timestamp="2022-10-19T16:49:31 IST" time="0.012" errors="0">
  <testcase name="CheckResponseTime" time="0.002" classname="ApiTestCases.TC4_CreateNewUser"/>
  <system-out/>
  <testcase name="CheckResponseBody" time="0.003" classname="ApiTestCases.TC4_CreateNewUser"/>
  <system-out/>
  <testcase name="ChecStatusLine" time="0.003" classname="ApiTestCases.TC4_CreateNewUser"/>
  <system-out/>
  <testcase name="CheckContentType" time="0.002" classname="ApiTestCases.TC4_CreateNewUser"/>
  <system-out/>
  <testcase name="CheckServerDetails" time="0.001" classname="ApiTestCases.TC4_CreateNewUser"/>
  <system-out/>
  <testcase name="CheckStatusCode" time="0.001" classname="ApiTestCases.TC4_CreateNewUser"/>
  <system-out/>
</testsuite> <!-- ApiTestCases.TC4_CreateNewUser -->
