<?xml version="1.0" encoding="UTF-8"?>
<!-- Generated by org.testng.reporters.JUnitReportReporter -->
<testsuite skipped="0" hostname="Pintu-PC" name="ApiTestCases.TC10_POSTRequest_LoginUnsuccess" tests="7" failures="0" timestamp="2022-10-22T11:29:24 IST" time="0.048" errors="0">
  <testcase name="CheckServerDetails" time="0.010" classname="ApiTestCases.TC10_POSTRequest_LoginUnsuccess"/>
  <system-out/>
  <testcase name="ChecStatusLine" time="0.001" classname="ApiTestCases.TC10_POSTRequest_LoginUnsuccess"/>
  <system-out/>
  <testcase name="CheckResponseBody" time="0.002" classname="ApiTestCases.TC10_POSTRequest_LoginUnsuccess"/>
  <system-out/>
  <testcase name="verifyJsonBodyData" time="0.032" classname="ApiTestCases.TC10_POSTRequest_LoginUnsuccess"/>
  <system-out/>
  <testcase name="CheckResponseTime" time="0.001" classname="ApiTestCases.TC10_POSTRequest_LoginUnsuccess"/>
  <system-out/>
  <testcase name="CheckStatusCode" time="0.001" classname="ApiTestCases.TC10_POSTRequest_LoginUnsuccess"/>
  <system-out/>
  <testcase name="CheckContentType" time="0.001" classname="ApiTestCases.TC10_POSTRequest_LoginUnsuccess"/>
  <system-out/>
</testsuite> <!-- ApiTestCases.TC10_POSTRequest_LoginUnsuccess -->
