<?xml version="1.0" encoding="UTF-8"?>
<!-- Generated by org.testng.reporters.JUnitReportReporter -->
<testsuite skipped="0" hostname="Pintu-PC" name="ApiTestCases.TC7_PutRequestForUpdate" tests="7" failures="0" timestamp="2022-10-22T11:29:24 IST" time="0.091" errors="0">
  <testcase name="CheckContentType" time="0.000" classname="ApiTestCases.TC7_PutRequestForUpdate"/>
  <system-out/>
  <testcase name="ChecStatusLine" time="0.001" classname="ApiTestCases.TC7_PutRequestForUpdate"/>
  <system-out/>
  <testcase name="CheckServerDetails" time="0.001" classname="ApiTestCases.TC7_PutRequestForUpdate"/>
  <system-out/>
  <testcase name="CheckResponseBody" time="0.005" classname="ApiTestCases.TC7_PutRequestForUpdate"/>
  <system-out/>
  <testcase name="verifyJsonBodyData" time="0.082" classname="ApiTestCases.TC7_PutRequestForUpdate"/>
  <system-out/>
  <testcase name="CheckStatusCode" time="0.001" classname="ApiTestCases.TC7_PutRequestForUpdate"/>
  <system-out/>
  <testcase name="CheckResponseTime" time="0.001" classname="ApiTestCases.TC7_PutRequestForUpdate"/>
  <system-out/>
</testsuite> <!-- ApiTestCases.TC7_PutRequestForUpdate -->
