<?xml version="1.0" encoding="UTF-8"?>
<!-- Generated by org.testng.reporters.JUnitReportReporter -->
<testsuite skipped="0" hostname="Pintu-PC" name="ApiTestCases.TC2_GetSingleUser" tests="8" failures="0" timestamp="2022-10-22T11:29:24 IST" time="0.249" errors="0">
  <testcase name="CheckResponseTime" time="0.002" classname="ApiTestCases.TC2_GetSingleUser"/>
  <system-out/>
  <testcase name="CheckTransferEncoding" time="0.002" classname="ApiTestCases.TC2_GetSingleUser"/>
  <system-out/>
  <testcase name="CheckContentType" time="0.002" classname="ApiTestCases.TC2_GetSingleUser"/>
  <system-out/>
  <testcase name="CheckResponseBody" time="0.004" classname="ApiTestCases.TC2_GetSingleUser"/>
  <system-out/>
  <testcase name="CheckStatusCode" time="0.002" classname="ApiTestCases.TC2_GetSingleUser"/>
  <system-out/>
  <testcase name="ChecStatusLine" time="0.002" classname="ApiTestCases.TC2_GetSingleUser"/>
  <system-out/>
  <testcase name="verifyJsonBodyData" time="0.233" classname="ApiTestCases.TC2_GetSingleUser"/>
  <system-out/>
  <testcase name="CheckServerDetails" time="0.002" classname="ApiTestCases.TC2_GetSingleUser"/>
  <system-out/>
</testsuite> <!-- ApiTestCases.TC2_GetSingleUser -->
