<?xml version="1.0" encoding="UTF-8"?>
<!-- Generated by org.testng.reporters.JUnitReportReporter -->
<testsuite skipped="0" hostname="Pintu-PC" name="ApiTestCases.TC3_SingleUserNotFound" tests="2" failures="0" timestamp="2022-10-20T18:13:24 IST" time="0.005" errors="0">
  <testcase name="CheckStatusCode" time="0.002" classname="ApiTestCases.TC3_SingleUserNotFound"/>
  <system-out/>
  <testcase name="CheckResponseBody" time="0.003" classname="ApiTestCases.TC3_SingleUserNotFound"/>
  <system-out/>
</testsuite> <!-- ApiTestCases.TC3_SingleUserNotFound -->
