<?xml version="1.0" encoding="UTF-8"?>
<!-- Generated by org.testng.reporters.JUnitReportReporter -->
<testsuite skipped="0" hostname="Pintu-PC" name="ApiTestCases.TC1_GetUsers" tests="8" failures="0" timestamp="2022-10-19T16:49:31 IST" time="1.665" errors="0">
  <testcase name="CheckTransferEncoding" time="0.004" classname="ApiTestCases.TC1_GetUsers"/>
  <system-out/>
  <testcase name="CheckResponseTime" time="0.005" classname="ApiTestCases.TC1_GetUsers"/>
  <system-out/>
  <testcase name="verifyJsonBodyData" time="1.600" classname="ApiTestCases.TC1_GetUsers"/>
  <system-out/>
  <testcase name="ChecStatusLine" time="0.009" classname="ApiTestCases.TC1_GetUsers"/>
  <system-out/>
  <testcase name="CheckContentType" time="0.002" classname="ApiTestCases.TC1_GetUsers"/>
  <system-out/>
  <testcase name="CheckResponseBody" time="0.036" classname="ApiTestCases.TC1_GetUsers"/>
  <system-out/>
  <testcase name="CheckServerDetails" time="0.003" classname="ApiTestCases.TC1_GetUsers"/>
  <system-out/>
  <testcase name="CheckStatusCode" time="0.006" classname="ApiTestCases.TC1_GetUsers"/>
  <system-out/>
</testsuite> <!-- ApiTestCases.TC1_GetUsers -->
