<?xml version="1.0" encoding="UTF-8"?>
<!-- Generated by org.testng.reporters.JUnitReportReporter -->
<testsuite skipped="0" hostname="Pintu-PC" name="ApiTestCases.TC3_SingleUserNotFound" tests="2" failures="0" timestamp="2022-10-22T11:29:24 IST" time="0.009" errors="0">
  <testcase name="CheckStatusCode" time="0.004" classname="ApiTestCases.TC3_SingleUserNotFound"/>
  <system-out/>
  <testcase name="CheckResponseBody" time="0.005" classname="ApiTestCases.TC3_SingleUserNotFound"/>
  <system-out/>
</testsuite> <!-- ApiTestCases.TC3_SingleUserNotFound -->
